<?xml version="1.0" encoding="UTF-8"?>
<testng-results ignored="0" total="3" passed="3" failed="0" skipped="0">
  <reporter-output>
  </reporter-output>
  <suite started-at="2022-06-18T13:41:20 IST" name="Default suite" finished-at="2022-06-18T13:41:45 IST" duration-ms="24990">
    <groups>
    </groups>
    <test started-at="2022-06-18T13:41:20 IST" name="Default test" finished-at="2022-06-18T13:41:45 IST" duration-ms="24990">
      <class name="test.LoginPageTest">
        <test-method is-config="true" signature="extentReports()[pri:0, instance:test.LoginPageTest@957e06]" started-at="2022-06-18T13:41:20 IST" name="extentReports" finished-at="2022-06-18T13:41:21 IST" duration-ms="925" status="PASS">
          <reporter-output>
          </reporter-output>
        </test-method> <!-- extentReports -->
        <test-method is-config="true" signature="browser()[pri:0, instance:test.LoginPageTest@957e06]" started-at="2022-06-18T13:41:21 IST" name="browser" finished-at="2022-06-18T13:41:29 IST" duration-ms="8080" status="PASS">
          <reporter-output>
          </reporter-output>
        </test-method> <!-- browser -->
        <test-method signature="ClickOnLoginWithotData()[pri:0, instance:test.LoginPageTest@957e06]" started-at="2022-06-18T13:41:29 IST" name="ClickOnLoginWithotData" finished-at="2022-06-18T13:41:31 IST" duration-ms="2247" status="PASS">
          <reporter-output>
          </reporter-output>
        </test-method> <!-- ClickOnLoginWithotData -->
        <test-method is-config="true" signature="closeBrowser(org.testng.ITestResult)[pri:0, instance:test.LoginPageTest@957e06]" started-at="2022-06-18T13:41:31 IST" name="closeBrowser" finished-at="2022-06-18T13:41:31 IST" duration-ms="11" status="PASS">
          <params>
            <param index="0">
              <value>
                <![CDATA[[TestResult name=ClickOnLoginWithotData status=SUCCESS method=LoginPageTest.ClickOnLoginWithotData()[pri:0, instance:test.LoginPageTest@957e06] output={null}]]]>
              </value>
            </param>
          </params>
          <reporter-output>
          </reporter-output>
        </test-method> <!-- closeBrowser -->
        <test-method is-config="true" signature="browser()[pri:0, instance:test.LoginPageTest@957e06]" started-at="2022-06-18T13:41:31 IST" name="browser" finished-at="2022-06-18T13:41:35 IST" duration-ms="3652" status="PASS">
          <reporter-output>
          </reporter-output>
        </test-method> <!-- browser -->
        <test-method signature="forgotpassword()[pri:0, instance:test.LoginPageTest@957e06]" started-at="2022-06-18T13:41:35 IST" name="forgotpassword" finished-at="2022-06-18T13:41:37 IST" duration-ms="2571" status="PASS">
          <reporter-output>
          </reporter-output>
        </test-method> <!-- forgotpassword -->
        <test-method is-config="true" signature="closeBrowser(org.testng.ITestResult)[pri:0, instance:test.LoginPageTest@957e06]" started-at="2022-06-18T13:41:37 IST" name="closeBrowser" finished-at="2022-06-18T13:41:37 IST" duration-ms="0" status="PASS">
          <params>
            <param index="0">
              <value>
                <![CDATA[[TestResult name=forgotpassword status=SUCCESS method=LoginPageTest.forgotpassword()[pri:0, instance:test.LoginPageTest@957e06] output={null}]]]>
              </value>
            </param>
          </params>
          <reporter-output>
          </reporter-output>
        </test-method> <!-- closeBrowser -->
        <test-method is-config="true" signature="browser()[pri:0, instance:test.LoginPageTest@957e06]" started-at="2022-06-18T13:41:37 IST" name="browser" finished-at="2022-06-18T13:41:43 IST" duration-ms="5670" status="PASS">
          <reporter-output>
          </reporter-output>
        </test-method> <!-- browser -->
        <test-method signature="loginvalidcredentialTest()[pri:0, instance:test.LoginPageTest@957e06]" started-at="2022-06-18T13:41:43 IST" name="loginvalidcredentialTest" finished-at="2022-06-18T13:41:43 IST" duration-ms="403" status="PASS">
          <reporter-output>
          </reporter-output>
        </test-method> <!-- loginvalidcredentialTest -->
        <test-method is-config="true" signature="closeBrowser(org.testng.ITestResult)[pri:0, instance:test.LoginPageTest@957e06]" started-at="2022-06-18T13:41:43 IST" name="closeBrowser" finished-at="2022-06-18T13:41:43 IST" duration-ms="1" status="PASS">
          <params>
            <param index="0">
              <value>
                <![CDATA[[TestResult name=loginvalidcredentialTest status=SUCCESS method=LoginPageTest.loginvalidcredentialTest()[pri:0, instance:test.LoginPageTest@957e06] output={null}]]]>
              </value>
            </param>
          </params>
          <reporter-output>
          </reporter-output>
        </test-method> <!-- closeBrowser -->
        <test-method is-config="true" signature="flushResult()[pri:0, instance:test.LoginPageTest@957e06]" started-at="2022-06-18T13:41:43 IST" name="flushResult" finished-at="2022-06-18T13:41:45 IST" duration-ms="1336" status="PASS">
          <reporter-output>
          </reporter-output>
        </test-method> <!-- flushResult -->
      </class> <!-- test.LoginPageTest -->
    </test> <!-- Default test -->
  </suite> <!-- Default suite -->
</testng-results>
