<?xml version="1.0" encoding="UTF-8"?>
<!-- Generated by org.testng.reporters.JUnitXMLReporter -->
<testsuite ignored="0" hostname="DESKTOP-9EOIIEI" failures="0" tests="3" name="Default test" time="24.99" errors="0" timestamp="2022-06-18T13:41:45 IST">
  <testcase classname="test.LoginPageTest" name="ClickOnLoginWithotData" time="2.247"/>
  <testcase classname="test.LoginPageTest" name="forgotpassword" time="2.571"/>
  <testcase classname="test.LoginPageTest" name="loginvalidcredentialTest" time="0.403"/>
</testsuite> <!-- Default test -->
